<?xml version="1.0" encoding="UTF-8"?>
<!-- Generated by org.testng.reporters.JUnitXMLReporter -->
<testsuite ignored="0" hostname="DESKTOP-EUFS7D5" failures="0" tests="1" name="Edget" time="0.54" errors="0" timestamp="2023-06-26T16:52:35 EET">
  <testcase classname="MyRunner.TestRunner" name="@BeforeSuite setUp" time="-1.687791155198E9">
    <failure type="org.testng.TestNGException" message="
Parameter &amp;apos;browser&amp;apos; is required by BeforeSuite on method setUp but has not been marked @Optional or defined
in C:\Users\ZZ00VO865\Desktop\Automation\Selenuim_Java\SelenuimJava\testng.xml">
      <![CDATA[org.testng.TestNGException: 
Parameter 'browser' is required by BeforeSuite on method setUp but has not been marked @Optional or defined
in C:\Users\ZZ00VO865\Desktop\Automation\Selenuim_Java\SelenuimJava\testng.xml
... Removed 16 stack frames]]>
    </failure>
  </testcase> <!-- @BeforeSuite setUp -->
  <testcase classname="io.cucumber.testng.AbstractTestNGCucumberTests" name="runScenario" time="0.0">
    <skipped/>
  </testcase> <!-- runScenario -->
</testsuite> <!-- Edget -->
